{"/Users/houyage/Documents/Azcy-project/util/zcy-utilStore-front/src/formatString.js":{"path":"/Users/houyage/Documents/Azcy-project/util/zcy-utilStore-front/src/formatString.js","s":{"1":1,"2":1,"3":0,"4":1,"5":1,"6":1},"b":{"1":[0,1]},"f":{"1":1},"fnMap":{"1":{"name":"formatString","line":10,"loc":{"start":{"line":10,"column":0},"end":{"line":10,"column":27}}}},"statementMap":{"1":{"start":{"line":10,"column":0},"end":{"line":15,"column":1}},"2":{"start":{"line":11,"column":2},"end":{"line":13,"column":3}},"3":{"start":{"line":12,"column":4},"end":{"line":12,"column":15}},"4":{"start":{"line":14,"column":2},"end":{"line":14,"column":13}},"5":{"start":{"line":17,"column":0},"end":{"line":17,"column":20}},"6":{"start":{"line":19,"column":0},"end":{"line":21,"column":2}}},"branchMap":{"1":{"line":11,"type":"if","locations":[{"start":{"line":11,"column":2},"end":{"line":11,"column":2}},{"start":{"line":11,"column":2},"end":{"line":11,"column":2}}]}}}}